2013-12-02 17:22:54 Error: [MissingControllerException] Controller class PagesController could not be found.
Exception Attributes: array (
  'class' => 'PagesController',
  'plugin' => NULL,
)
Request URL: /
Stack Trace:
#0 /Users/Jeff/myfirstpieceofcake/app/webroot/index.php(108): Dispatcher->dispatch(Object(CakeRequest), Object(CakeResponse))
#1 {main}
2013-12-02 17:23:03 Error: [MissingViewException] View file "/Users/Jeff/myfirstpieceofcake/app/View/Contact/index.ctp" is missing.
Exception Attributes: array (
  'file' => '/Users/Jeff/myfirstpieceofcake/app/View/Contact/index.ctp',
)
Request URL: /contact
Stack Trace:
#0 /Users/Jeff/myfirstpieceofcake/lib/Cake/View/View.php(457): View->_getViewFileName(NULL)
#1 /Users/Jeff/myfirstpieceofcake/lib/Cake/Controller/Controller.php(952): View->render(NULL, NULL)
#2 /Users/Jeff/myfirstpieceofcake/lib/Cake/Routing/Dispatcher.php(192): Controller->render()
#3 /Users/Jeff/myfirstpieceofcake/lib/Cake/Routing/Dispatcher.php(160): Dispatcher->_invoke(Object(ContactController), Object(CakeRequest), Object(CakeResponse))
#4 /Users/Jeff/myfirstpieceofcake/app/webroot/index.php(108): Dispatcher->dispatch(Object(CakeRequest), Object(CakeResponse))
#5 {main}
2013-12-02 17:23:33 Error: [MissingViewException] View file "/Users/Jeff/myfirstpieceofcake/app/View/Contact/action.ctp" is missing.
Exception Attributes: array (
  'file' => '/Users/Jeff/myfirstpieceofcake/app/View/Contact/action.ctp',
)
Request URL: /contact/action
Stack Trace:
#0 /Users/Jeff/myfirstpieceofcake/lib/Cake/View/View.php(457): View->_getViewFileName(NULL)
#1 /Users/Jeff/myfirstpieceofcake/lib/Cake/Controller/Controller.php(952): View->render(NULL, NULL)
#2 /Users/Jeff/myfirstpieceofcake/lib/Cake/Routing/Dispatcher.php(192): Controller->render()
#3 /Users/Jeff/myfirstpieceofcake/lib/Cake/Routing/Dispatcher.php(160): Dispatcher->_invoke(Object(ContactController), Object(CakeRequest), Object(CakeResponse))
#4 /Users/Jeff/myfirstpieceofcake/app/webroot/index.php(108): Dispatcher->dispatch(Object(CakeRequest), Object(CakeResponse))
#5 {main}
2013-12-02 17:29:47 Error: Fatal Error (64): Cannot redeclare class ContactModel in [/Users/Jeff/myfirstpieceofcake/app/Model/Contact.php, line 5]
2013-12-02 17:29:47 Error: [FatalErrorException] Cannot redeclare class ContactModel
Request URL: /contact/
Stack Trace:
#0 /Users/Jeff/myfirstpieceofcake/lib/Cake/Error/ErrorHandler.php(203): ErrorHandler::handleFatalError(64, 'Cannot redeclar...', '/Users/Jeff/myf...', 5)
#1 [internal function]: ErrorHandler::handleError(64, 'Cannot redeclar...', '/Users/Jeff/myf...', 5, Array)
#2 /Users/Jeff/myfirstpieceofcake/lib/Cake/Core/App.php(929): call_user_func('ErrorHandler::h...', 64, 'Cannot redeclar...', '/Users/Jeff/myf...', 5, Array)
#3 /Users/Jeff/myfirstpieceofcake/lib/Cake/Core/App.php(902): App::_checkFatalError()
#4 [internal function]: App::shutdown()
#5 {main}
2013-12-02 17:34:42 Error: [MissingControllerException] Controller class AddContactController could not be found.
Exception Attributes: array (
  'class' => 'AddContactController',
  'plugin' => NULL,
)
Request URL: /add_contact?name=John&notes=blah&group=3
Stack Trace:
#0 /Users/Jeff/myfirstpieceofcake/app/webroot/index.php(108): Dispatcher->dispatch(Object(CakeRequest), Object(CakeResponse))
#1 {main}
2013-12-02 17:49:15 Error: Fatal Error (4): syntax error, unexpected '}' in [/Users/Jeff/myfirstpieceofcake/app/View/Contact/index.ctp, line 4]
2013-12-02 17:49:15 Error: [FatalErrorException] syntax error, unexpected '}'
Request URL: /contact/
Stack Trace:
#0 /Users/Jeff/myfirstpieceofcake/lib/Cake/Error/ErrorHandler.php(203): ErrorHandler::handleFatalError(4, 'syntax error, u...', '/Users/Jeff/myf...', 4)
#1 [internal function]: ErrorHandler::handleError(4, 'syntax error, u...', '/Users/Jeff/myf...', 4, Array)
#2 /Users/Jeff/myfirstpieceofcake/lib/Cake/Core/App.php(929): call_user_func('ErrorHandler::h...', 4, 'syntax error, u...', '/Users/Jeff/myf...', 4, Array)
#3 /Users/Jeff/myfirstpieceofcake/lib/Cake/Core/App.php(902): App::_checkFatalError()
#4 [internal function]: App::shutdown()
#5 {main}
